<?xml version="1.0" encoding="UTF-8"?>
<!-- Generated by org.testng.reporters.JUnitReportReporter -->
<testsuite name="firstPackage.FirstClass" tests="3" time="57.969" ignored="0" failures="0" timestamp="24 Feb 2017 02:10:29 GMT" skipped="0" hostname="BDC7-L-4HKNLC2" errors="0">
  <testcase name="method2" time="16.386" classname="firstPackage.FirstClass"/>
  <testcase name="method1" time="24.296" classname="firstPackage.FirstClass"/>
  <testcase name="method3" time="17.287" classname="firstPackage.FirstClass"/>
</testsuite> <!-- firstPackage.FirstClass -->
