<?xml version="1.0" encoding="UTF-8"?>
<testng-results skipped="0" failed="0" total="5" passed="5">
  <reporter-output>
  </reporter-output>
  <suite name="Suite" duration-ms="69178" started-at="2017-02-23T22:48:13Z" finished-at="2017-02-23T22:49:22Z">
    <groups>
    </groups>
    <test name="Test" duration-ms="69178" started-at="2017-02-23T22:48:13Z" finished-at="2017-02-23T22:49:22Z">
      <class name="firstPackage.FirstClass">
        <test-method status="PASS" signature="method1()[pri:0, instance:firstPackage.FirstClass@506e6d5e]" name="method1" duration-ms="18765" started-at="2017-02-24T04:18:13Z" finished-at="2017-02-24T04:18:32Z">
          <reporter-output>
          </reporter-output>
        </test-method> <!-- method1 -->
        <test-method status="PASS" signature="method3()[pri:0, instance:firstPackage.FirstClass@506e6d5e]" name="method3" duration-ms="11859" started-at="2017-02-24T04:18:32Z" finished-at="2017-02-24T04:18:43Z">
          <reporter-output>
          </reporter-output>
        </test-method> <!-- method3 -->
      </class> <!-- firstPackage.FirstClass -->
      <class name="secondPackage.FourthClass">
        <test-method status="PASS" signature="method7()[pri:0, instance:secondPackage.FourthClass@2acf57e3]" name="method7" duration-ms="11069" started-at="2017-02-24T04:19:11Z" finished-at="2017-02-24T04:19:22Z">
          <reporter-output>
          </reporter-output>
        </test-method> <!-- method7 -->
      </class> <!-- secondPackage.FourthClass -->
      <class name="firstPackage.SecondClass">
        <test-method status="PASS" signature="method4()[pri:0, instance:firstPackage.SecondClass@7f63425a]" name="method4" duration-ms="14714" started-at="2017-02-24T04:18:43Z" finished-at="2017-02-24T04:18:58Z">
          <reporter-output>
          </reporter-output>
        </test-method> <!-- method4 -->
        <test-method status="PASS" signature="method6()[pri:0, instance:firstPackage.SecondClass@7f63425a]" name="method6" duration-ms="12755" started-at="2017-02-24T04:18:58Z" finished-at="2017-02-24T04:19:11Z">
          <reporter-output>
          </reporter-output>
        </test-method> <!-- method6 -->
      </class> <!-- firstPackage.SecondClass -->
    </test> <!-- Test -->
  </suite> <!-- Suite -->
</testng-results>
