<?xml version="1.0" encoding="UTF-8"?>
<testsuite name="TestSuite" time="69.19" tests="5" errors="0" skipped="0" failures="0">
  <properties>
[...]
</properties>
  <testcase name="method1" classname="firstPackage.FirstClass" time="18.764"/>
  <testcase name="method3" classname="firstPackage.FirstClass" time="11.865"/>
  <testcase name="method4" classname="firstPackage.SecondClass" time="14.709"/>
  <testcase name="method6" classname="firstPackage.SecondClass" time="12.756"/>
  <testcase name="method7" classname="secondPackage.FourthClass" time="11.096"/>
</testsuite>