<?xml version="1.0" encoding="UTF-8"?>
<testng-results skipped="0" failed="0" total="5" passed="5">
  <reporter-output>
  </reporter-output>
  <suite name="Suite" duration-ms="61410" started-at="2017-02-24T00:11:59Z" finished-at="2017-02-24T00:13:01Z">
    <groups>
    </groups>
    <test name="Test" duration-ms="61410" started-at="2017-02-24T00:11:59Z" finished-at="2017-02-24T00:13:01Z">
      <class name="firstPackage.FirstClass">
        <test-method status="PASS" signature="method1()[pri:0, instance:firstPackage.FirstClass@506e6d5e]" name="method1" duration-ms="18126" started-at="2017-02-24T05:41:59Z" finished-at="2017-02-24T05:42:17Z">
          <reporter-output>
          </reporter-output>
        </test-method> <!-- method1 -->
        <test-method status="PASS" signature="method3()[pri:0, instance:firstPackage.FirstClass@506e6d5e]" name="method3" duration-ms="10971" started-at="2017-02-24T05:42:17Z" finished-at="2017-02-24T05:42:28Z">
          <reporter-output>
          </reporter-output>
        </test-method> <!-- method3 -->
      </class> <!-- firstPackage.FirstClass -->
      <class name="secondPackage.FourthClass">
        <test-method status="PASS" signature="method7()[pri:0, instance:secondPackage.FourthClass@2acf57e3]" name="method7" duration-ms="10738" started-at="2017-02-24T05:42:50Z" finished-at="2017-02-24T05:43:01Z">
          <reporter-output>
          </reporter-output>
        </test-method> <!-- method7 -->
      </class> <!-- secondPackage.FourthClass -->
      <class name="firstPackage.SecondClass">
        <test-method status="PASS" signature="method4()[pri:0, instance:firstPackage.SecondClass@7f63425a]" name="method4" duration-ms="10859" started-at="2017-02-24T05:42:28Z" finished-at="2017-02-24T05:42:39Z">
          <reporter-output>
          </reporter-output>
        </test-method> <!-- method4 -->
        <test-method status="PASS" signature="method6()[pri:0, instance:firstPackage.SecondClass@7f63425a]" name="method6" duration-ms="10701" started-at="2017-02-24T05:42:39Z" finished-at="2017-02-24T05:42:50Z">
          <reporter-output>
          </reporter-output>
        </test-method> <!-- method6 -->
      </class> <!-- firstPackage.SecondClass -->
    </test> <!-- Test -->
  </suite> <!-- Suite -->
</testng-results>
