<?xml version="1.0" encoding="UTF-8"?>
<!-- Generated by org.testng.reporters.JUnitReportReporter -->
<testsuite name="firstPackage.FirstClass" tests="3" time="58.360" ignored="0" failures="0" timestamp="23 Feb 2017 19:26:28 GMT" skipped="0" hostname="BDC7-L-4HKNLC2" errors="0">
  <testcase name="method1" time="22.000" classname="firstPackage.FirstClass"/>
  <testcase name="method3" time="17.709" classname="firstPackage.FirstClass"/>
  <testcase name="method2" time="18.651" classname="firstPackage.FirstClass"/>
</testsuite> <!-- firstPackage.FirstClass -->
