<?xml version="1.0" encoding="UTF-8"?>
<!-- Generated by org.testng.reporters.JUnitReportReporter -->
<testsuite name="secondPackage.FourthClass" tests="1" time="17.879" ignored="2" failures="0" timestamp="23 Feb 2017 18:57:23 GMT" skipped="0" hostname="BDC7-L-4HKNLC2" errors="0">
  <testcase name="method7" time="17.879" classname="secondPackage.FourthClass"/>
  <testcase name="method2" classname="firstPackage.FirstClass">
    <skipped/>
  </testcase> <!-- method2 -->
  <testcase name="method5" classname="firstPackage.SecondClass">
    <skipped/>
  </testcase> <!-- method5 -->
</testsuite> <!-- secondPackage.FourthClass -->
