<?xml version="1.0" encoding="UTF-8"?>
<!-- Generated by org.testng.reporters.JUnitReportReporter -->
<testsuite name="firstPackage.SecondClass" tests="2" time="26.868" ignored="2" failures="0" timestamp="10 Jan 2017 22:06:38 GMT" skipped="0" hostname="BDC7-L-4HKNLC2" errors="0">
  <testcase name="method6" time="13.691" classname="firstPackage.SecondClass"/>
  <testcase name="method4" time="13.177" classname="firstPackage.SecondClass"/>
  <testcase name="method2" classname="firstPackage.FirstClass">
    <skipped/>
  </testcase> <!-- method2 -->
  <testcase name="method5" classname="firstPackage.SecondClass">
    <skipped/>
  </testcase> <!-- method5 -->
</testsuite> <!-- firstPackage.SecondClass -->
