<?xml version="1.0" encoding="UTF-8"?>
<!-- Generated by org.testng.reporters.JUnitReportReporter -->
<testsuite name="firstPackage.SecondClass" tests="2" time="31.382" ignored="2" failures="0" timestamp="23 Feb 2017 18:57:23 GMT" skipped="0" hostname="BDC7-L-4HKNLC2" errors="0">
  <testcase name="method4" time="15.615" classname="firstPackage.SecondClass"/>
  <testcase name="method6" time="15.767" classname="firstPackage.SecondClass"/>
  <testcase name="method2" classname="firstPackage.FirstClass">
    <skipped/>
  </testcase> <!-- method2 -->
  <testcase name="method5" classname="firstPackage.SecondClass">
    <skipped/>
  </testcase> <!-- method5 -->
</testsuite> <!-- firstPackage.SecondClass -->
