<?xml version="1.0" encoding="UTF-8"?>
<!-- Generated by org.testng.reporters.JUnitXMLReporter -->
<testsuite hostname="BDC7-L-4HKNLC2" name="Test" tests="5" failures="0" timestamp="24 Feb 2017 00:13:01 GMT" time="61.41" errors="0">
  <testcase name="method1" time="18.126" classname="firstPackage.FirstClass"/>
  <testcase name="method3" time="10.971" classname="firstPackage.FirstClass"/>
  <testcase name="method4" time="10.859" classname="firstPackage.SecondClass"/>
  <testcase name="method6" time="10.701" classname="firstPackage.SecondClass"/>
  <testcase name="method7" time="10.738" classname="secondPackage.FourthClass"/>
</testsuite> <!-- Test -->
