<?xml version="1.0" encoding="UTF-8"?>
<!-- Generated by org.testng.reporters.JUnitXMLReporter -->
<testsuite hostname="BDC7-L-4HKNLC2" name="Test" tests="5" failures="0" timestamp="23 Feb 2017 20:00:46 GMT" time="72.055" errors="0">
  <testcase name="method1" time="15.9" classname="firstPackage.FirstClass"/>
  <testcase name="method3" time="12.991" classname="firstPackage.FirstClass"/>
  <testcase name="method4" time="14.242" classname="firstPackage.SecondClass"/>
  <testcase name="method6" time="14.741" classname="firstPackage.SecondClass"/>
  <testcase name="method7" time="14.16" classname="secondPackage.FourthClass"/>
</testsuite> <!-- Test -->
