<?xml version="1.0" encoding="UTF-8"?>
<!-- Generated by org.testng.reporters.JUnitXMLReporter -->
<testsuite hostname="BDC7-L-4HKNLC2" name="Test" tests="5" failures="0" timestamp="23 Feb 2017 22:49:22 GMT" time="69.178" errors="0">
  <testcase name="method1" time="18.765" classname="firstPackage.FirstClass"/>
  <testcase name="method3" time="11.859" classname="firstPackage.FirstClass"/>
  <testcase name="method4" time="14.714" classname="firstPackage.SecondClass"/>
  <testcase name="method6" time="12.755" classname="firstPackage.SecondClass"/>
  <testcase name="method7" time="11.069" classname="secondPackage.FourthClass"/>
</testsuite> <!-- Test -->
