<?xml version="1.0" encoding="UTF-8"?>
<testng-results skipped="0" failed="0" ignored="0" total="3" passed="3">
  <reporter-output>
  </reporter-output>
  <suite name="Suite" duration-ms="58391" started-at="2017-02-23T19:25:29Z" finished-at="2017-02-23T19:26:28Z">
    <groups>
    </groups>
    <test name="Test" duration-ms="58391" started-at="2017-02-23T19:25:29Z" finished-at="2017-02-23T19:26:28Z">
      <class name="firstPackage.FirstClass">
        <test-method status="PASS" signature="method1()[pri:0, instance:firstPackage.FirstClass@42d80b78]" name="method1" duration-ms="22000" started-at="2017-02-24T00:55:29Z" finished-at="2017-02-24T00:55:51Z">
          <reporter-output>
          </reporter-output>
        </test-method> <!-- method1 -->
        <test-method status="PASS" signature="method2()[pri:0, instance:firstPackage.FirstClass@42d80b78]" name="method2" duration-ms="18651" started-at="2017-02-24T00:55:51Z" finished-at="2017-02-24T00:56:10Z">
          <reporter-output>
          </reporter-output>
        </test-method> <!-- method2 -->
        <test-method status="PASS" signature="method3()[pri:0, instance:firstPackage.FirstClass@42d80b78]" name="method3" duration-ms="17709" started-at="2017-02-24T00:56:10Z" finished-at="2017-02-24T00:56:28Z">
          <reporter-output>
          </reporter-output>
        </test-method> <!-- method3 -->
      </class> <!-- firstPackage.FirstClass -->
    </test> <!-- Test -->
  </suite> <!-- Suite -->
</testng-results>
