<?xml version="1.0" encoding="UTF-8"?>
<!-- Generated by org.testng.reporters.JUnitXMLReporter -->
<testsuite hostname="BDC7-L-4HKNLC2" ignored="0" name="Test" tests="3" failures="0" timestamp="23 Feb 2017 19:26:28 GMT" time="58.391" errors="0">
  <testcase name="method1" time="22.0" classname="firstPackage.FirstClass"/>
  <testcase name="method2" time="18.651" classname="firstPackage.FirstClass"/>
  <testcase name="method3" time="17.709" classname="firstPackage.FirstClass"/>
</testsuite> <!-- Test -->
